Using pre-set license
Built from '2022.3/staging' branch; Version is '2022.3.41f1 (0f988161febf) revision 1022081'; Using compiler version '192829333'; Build Type 'Release'
OS: 'Windows 10  (10.0.19045) 64bit Core' Language: 'fi' Physical Memory: 32675 MB
BatchMode: 1, IsHumanControllingUs: 0, StartBugReporterOnCrash: 0, Is64bit: 1, IsPro: 1

COMMAND LINE ARGUMENTS:
C:\Program Files\Unity\Hub\Editor\2022.3.41f1\Editor\Unity.exe
-adb2
-batchMode
-noUpm
-name
AssetImportWorker3
-projectPath
C:/Users/ruoko/Deep Forest
-logFile
Logs/AssetImportWorker3.log
-srvPort
51569
Successfully changed project path to: C:/Users/ruoko/Deep Forest
C:/Users/ruoko/Deep Forest
[UnityMemory] Configuration Parameters - Can be set up in boot.config
    "memorysetup-bucket-allocator-granularity=16"
    "memorysetup-bucket-allocator-bucket-count=8"
    "memorysetup-bucket-allocator-block-size=33554432"
    "memorysetup-bucket-allocator-block-count=8"
    "memorysetup-main-allocator-block-size=16777216"
    "memorysetup-thread-allocator-block-size=16777216"
    "memorysetup-gfx-main-allocator-block-size=16777216"
    "memorysetup-gfx-thread-allocator-block-size=16777216"
    "memorysetup-cache-allocator-block-size=4194304"
    "memorysetup-typetree-allocator-block-size=2097152"
    "memorysetup-profiler-bucket-allocator-granularity=16"
    "memorysetup-profiler-bucket-allocator-bucket-count=8"
    "memorysetup-profiler-bucket-allocator-block-size=33554432"
    "memorysetup-profiler-bucket-allocator-block-count=8"
    "memorysetup-profiler-allocator-block-size=16777216"
    "memorysetup-profiler-editor-allocator-block-size=1048576"
    "memorysetup-temp-allocator-size-main=16777216"
    "memorysetup-job-temp-allocator-block-size=2097152"
    "memorysetup-job-temp-allocator-block-size-background=1048576"
    "memorysetup-job-temp-allocator-reduction-small-platforms=262144"
    "memorysetup-allocator-temp-initial-block-size-main=262144"
    "memorysetup-allocator-temp-initial-block-size-worker=262144"
    "memorysetup-temp-allocator-size-background-worker=32768"
    "memorysetup-temp-allocator-size-job-worker=262144"
    "memorysetup-temp-allocator-size-preload-manager=33554432"
    "memorysetup-temp-allocator-size-nav-mesh-worker=65536"
    "memorysetup-temp-allocator-size-audio-worker=65536"
    "memorysetup-temp-allocator-size-cloud-worker=32768"
    "memorysetup-temp-allocator-size-gi-baking-worker=262144"
    "memorysetup-temp-allocator-size-gfx=262144"
Player connection [28424]  Target information:

Player connection [28424]  * "[IP] 100.64.4.253 [Port] 0 [Flags] 2 [Guid] 4231825415 [EditorId] 4231825415 [Version] 1048832 [Id] WindowsEditor(7,DESKTOP-F1ETDLC) [Debug] 1 [PackageName] WindowsEditor [ProjectName] Editor" 

Player connection [28424] Host joined multi-casting on [225.0.0.222:54997]...
Player connection [28424] Host joined alternative multi-casting on [225.0.0.222:34997]...
[PhysX] Initialized MultithreadedTaskDispatcher with 24 workers.
Refreshing native plugins compatible for Editor in 17.21 ms, found 3 plugins.
Preloading 0 native plugins for Editor in 0.00 ms.
Initialize engine version: 2022.3.41f1 (0f988161febf)
[Subsystems] Discovering subsystems at path C:/Program Files/Unity/Hub/Editor/2022.3.41f1/Editor/Data/Resources/UnitySubsystems
[Subsystems] Discovering subsystems at path C:/Users/ruoko/Deep Forest/Assets
GfxDevice: creating device client; threaded=0; jobified=0
Direct3D:
    Version:  Direct3D 11.0 [level 11.1]
    Renderer: NVIDIA GeForce RTX 3080 (ID=0x2206)
    Vendor:   NVIDIA
    VRAM:     10053 MB
    Driver:   32.0.15.6094
Initialize mono
Mono path[0] = 'C:/Program Files/Unity/Hub/Editor/2022.3.41f1/Editor/Data/Managed'
Mono path[1] = 'C:/Program Files/Unity/Hub/Editor/2022.3.41f1/Editor/Data/MonoBleedingEdge/lib/mono/unityjit-win32'
Mono config path = 'C:/Program Files/Unity/Hub/Editor/2022.3.41f1/Editor/Data/MonoBleedingEdge/etc'
Using monoOptions --debugger-agent=transport=dt_socket,embedding=1,server=y,suspend=n,address=127.0.0.1:56696
Begin MonoManager ReloadAssembly
Registering precompiled unity dll's ...
Register platform support module: C:/Program Files/Unity/Hub/Editor/2022.3.41f1/Editor/Data/PlaybackEngines/WebGLSupport/UnityEditor.WebGL.Extensions.dll
Register platform support module: C:/Program Files/Unity/Hub/Editor/2022.3.41f1/Editor/Data/PlaybackEngines/WindowsStandaloneSupport/UnityEditor.WindowsStandalone.Extensions.dll
Registered in 0.010783 seconds.
- Loaded All Assemblies, in  0.317 seconds
Native extension for WindowsStandalone target not found
Native extension for WebGL target not found
Mono: successfully reloaded assembly
- Finished resetting the current domain, in  0.234 seconds
Domain Reload Profiling: 549ms
	BeginReloadAssembly (91ms)
		ExecutionOrderSort (0ms)
		DisableScriptedObjects (0ms)
		BackupInstance (0ms)
		ReleaseScriptingObjects (0ms)
		CreateAndSetChildDomain (1ms)
	RebuildCommonClasses (31ms)
	RebuildNativeTypeToScriptingClass (11ms)
	initialDomainReloadingComplete (57ms)
	LoadAllAssembliesAndSetupDomain (126ms)
		LoadAssemblies (89ms)
		RebuildTransferFunctionScriptingTraits (0ms)
		AnalyzeDomain (124ms)
			TypeCache.Refresh (122ms)
				TypeCache.ScanAssembly (111ms)
			ScanForSourceGeneratedMonoScriptInfo (0ms)
			ResolveRequiredComponents (0ms)
	FinalizeReload (234ms)
		ReleaseScriptCaches (0ms)
		RebuildScriptCaches (0ms)
		SetupLoadedEditorAssemblies (194ms)
			LogAssemblyErrors (0ms)
			InitializePlatformSupportModulesInManaged (10ms)
			SetLoadedEditorAssemblies (5ms)
			RefreshPlugins (0ms)
			BeforeProcessingInitializeOnLoad (2ms)
			ProcessInitializeOnLoadAttributes (134ms)
			ProcessInitializeOnLoadMethodAttributes (42ms)
			AfterProcessingInitializeOnLoad (0ms)
			EditorAssembliesLoaded (0ms)
		ExecutionOrderSort2 (0ms)
		AwakeInstancesAfterBackupRestoration (0ms)
========================================================================
Worker process is ready to serve import requests
Caller must complete domain reload
Begin MonoManager ReloadAssembly
- Loaded All Assemblies, in  9.442 seconds
Native extension for WindowsStandalone target not found
Native extension for WebGL target not found
Package Manager log level set to [2]
[Package Manager] Server::EnsureServerProcessIsRunning -- launch failed, reason: Unity was launched with the -noUpm command-line argument
[Package Manager] UpmClient::Send -- Unable to send message (not connected to UPM process).
[Package Manager] Cannot connect to Unity Package Manager local server
Mono: successfully reloaded assembly
- Finished resetting the current domain, in  0.933 seconds
Domain Reload Profiling: 10366ms
	BeginReloadAssembly (145ms)
		ExecutionOrderSort (0ms)
		DisableScriptedObjects (5ms)
		BackupInstance (0ms)
		ReleaseScriptingObjects (0ms)
		CreateAndSetChildDomain (24ms)
	RebuildCommonClasses (34ms)
	RebuildNativeTypeToScriptingClass (10ms)
	initialDomainReloadingComplete (47ms)
	LoadAllAssembliesAndSetupDomain (9196ms)
		LoadAssemblies (8535ms)
		RebuildTransferFunctionScriptingTraits (0ms)
		AnalyzeDomain (744ms)
			TypeCache.Refresh (707ms)
				TypeCache.ScanAssembly (647ms)
			ScanForSourceGeneratedMonoScriptInfo (24ms)
			ResolveRequiredComponents (10ms)
	FinalizeReload (933ms)
		ReleaseScriptCaches (0ms)
		RebuildScriptCaches (0ms)
		SetupLoadedEditorAssemblies (775ms)
			LogAssemblyErrors (0ms)
			InitializePlatformSupportModulesInManaged (8ms)
			SetLoadedEditorAssemblies (5ms)
			RefreshPlugins (0ms)
			BeforeProcessingInitializeOnLoad (89ms)
			ProcessInitializeOnLoadAttributes (599ms)
			ProcessInitializeOnLoadMethodAttributes (62ms)
			AfterProcessingInitializeOnLoad (12ms)
			EditorAssembliesLoaded (0ms)
		ExecutionOrderSort2 (0ms)
		AwakeInstancesAfterBackupRestoration (9ms)
Launched and connected shader compiler UnityShaderCompiler.exe after 0.10 seconds
Refreshing native plugins compatible for Editor in 8.31 ms, found 3 plugins.
Preloading 0 native plugins for Editor in 0.00 ms.
Unloading 5914 Unused Serialized files (Serialized files now loaded: 0)
Unloading 50 unused Assets / (3.2 MB). Loaded Objects now: 6388.
Memory consumption went from 245.7 MB to 242.5 MB.
Total: 4.874400 ms (FindLiveObjects: 0.748600 ms CreateObjectMapping: 0.151900 ms MarkObjects: 2.841800 ms  DeleteObjects: 1.128700 ms)

AssetImportParameters requested are different than current active one (requested -> active):
  custom:container-demuxer-ogg: 62fdf1f143b41e24485cea50d1cbac27 -> 
  custom:video-decoder-ogg-theora: a1e56fd34408186e4bbccfd4996cb3dc -> 
  custom:framework-win-MediaFoundation: 216162199b28c13a410421893ffa2e32 -> 
  custom:CustomObjectIndexerAttribute: 3ead1caaecf1c488f20bcfeb224b6af5 -> 
  custom:container-demuxer-webm: 4f35f7cbe854078d1ac9338744f61a02 -> 
  custom:container-muxer-webm: aa71ff27fc2769a1b78a27578f13a17b -> 
  custom:video-decoder-webm-vp8: 9c59270c3fd7afecdb556c50c9e8de78 -> 
  custom:SearchIndexIgnoredProperties: e643bd26f0fe6173181afceb89e7c659 -> 
  custom:AudioImporter_EditorPlatform: d09bf68614088b80899f8185d706f6e7 -> 
  custom:video-encoder-webm-vp8: eb34c28f22e8b96e1ab97ce403110664 -> 
  custom:audio-decoder-ogg-vorbis: bf7c407c2cedff20999df2af8eb42d56 -> 
  custom:audio-encoder-webm-vorbis: bf7c407c2cedff20999df2af8eb42d56 -> 
========================================================================
Received Import Request.
  Time since last request: 633809.276557 seconds.
  path: Assets/Resources/Sprites/Equipment/Cloth1_sloulder.png
  artifactKey: Guid(f6280fa65dc11dc4b80b319012dae803) Importer(815301076,1909f56bfc062723c751e8b465ee728b)
Start importing Assets/Resources/Sprites/Equipment/Cloth1_sloulder.png using Guid(f6280fa65dc11dc4b80b319012dae803) Importer(815301076,1909f56bfc062723c751e8b465ee728b) [PhysX] Initialized MultithreadedTaskDispatcher with 24 workers.
[PhysX] Initialized MultithreadedTaskDispatcher with 24 workers.
 -> (artifact id: '7946f45ef43109536c5574c823d83715') in 0.094642 seconds
Number of updated asset objects reloaded before import = 0
Number of asset objects unloaded after import = 3
========================================================================
Received Import Request.
  Time since last request: 0.000024 seconds.
  path: Assets/Resources/Sprites/Equipment/Cloth1_gloves.png
  artifactKey: Guid(2ca6f6e287876604b96397bc6955aa27) Importer(815301076,1909f56bfc062723c751e8b465ee728b)
Start importing Assets/Resources/Sprites/Equipment/Cloth1_gloves.png using Guid(2ca6f6e287876604b96397bc6955aa27) Importer(815301076,1909f56bfc062723c751e8b465ee728b) [PhysX] Initialized MultithreadedTaskDispatcher with 24 workers.
[PhysX] Initialized MultithreadedTaskDispatcher with 24 workers.
 -> (artifact id: '57361cf209b7abbf40f3a1ce5da5dfb7') in 0.017576 seconds
Number of updated asset objects reloaded before import = 0
Number of asset objects unloaded after import = 3
========================================================================
Received Prepare
Caller must complete domain reload
Begin MonoManager ReloadAssembly
- Loaded All Assemblies, in  0.814 seconds
Native extension for WindowsStandalone target not found
Native extension for WebGL target not found
[Package Manager] Server::EnsureServerProcessIsRunning -- launch failed, reason: Unity was launched with the -noUpm command-line argument
[Package Manager] UpmClient::Send -- Unable to send message (not connected to UPM process).
[Package Manager] Cannot connect to Unity Package Manager local server
Mono: successfully reloaded assembly
- Finished resetting the current domain, in  5.441 seconds
Domain Reload Profiling: 6250ms
	BeginReloadAssembly (154ms)
		ExecutionOrderSort (0ms)
		DisableScriptedObjects (3ms)
		BackupInstance (0ms)
		ReleaseScriptingObjects (0ms)
		CreateAndSetChildDomain (44ms)
	RebuildCommonClasses (30ms)
	RebuildNativeTypeToScriptingClass (11ms)
	initialDomainReloadingComplete (31ms)
	LoadAllAssembliesAndSetupDomain (582ms)
		LoadAssemblies (639ms)
		RebuildTransferFunctionScriptingTraits (0ms)
		AnalyzeDomain (19ms)
			TypeCache.Refresh (6ms)
				TypeCache.ScanAssembly (0ms)
			ScanForSourceGeneratedMonoScriptInfo (0ms)
			ResolveRequiredComponents (11ms)
	FinalizeReload (5441ms)
		ReleaseScriptCaches (0ms)
		RebuildScriptCaches (0ms)
		SetupLoadedEditorAssemblies (557ms)
			LogAssemblyErrors (0ms)
			InitializePlatformSupportModulesInManaged (10ms)
			SetLoadedEditorAssemblies (6ms)
			RefreshPlugins (0ms)
			BeforeProcessingInitializeOnLoad (93ms)
			ProcessInitializeOnLoadAttributes (374ms)
			ProcessInitializeOnLoadMethodAttributes (64ms)
			AfterProcessingInitializeOnLoad (10ms)
			EditorAssembliesLoaded (0ms)
		ExecutionOrderSort2 (0ms)
		AwakeInstancesAfterBackupRestoration (7ms)
Refreshing native plugins compatible for Editor in 7.72 ms, found 3 plugins.
Preloading 0 native plugins for Editor in 0.00 ms.
Unloading 5776 Unused Serialized files (Serialized files now loaded: 0)
Unloading 45 unused Assets / (3.2 MB). Loaded Objects now: 6397.
Memory consumption went from 218.2 MB to 215.0 MB.
Total: 5.030900 ms (FindLiveObjects: 0.659400 ms CreateObjectMapping: 0.165500 ms MarkObjects: 3.350300 ms  DeleteObjects: 0.853300 ms)

Prepare: number of updated asset objects reloaded= 0
AssetImportParameters requested are different than current active one (requested -> active):
  custom:container-demuxer-ogg: 62fdf1f143b41e24485cea50d1cbac27 -> 
  custom:video-decoder-ogg-theora: a1e56fd34408186e4bbccfd4996cb3dc -> 
  custom:framework-win-MediaFoundation: 216162199b28c13a410421893ffa2e32 -> 
  custom:CustomObjectIndexerAttribute: 3ead1caaecf1c488f20bcfeb224b6af5 -> 
  custom:container-demuxer-webm: 4f35f7cbe854078d1ac9338744f61a02 -> 
  custom:container-muxer-webm: aa71ff27fc2769a1b78a27578f13a17b -> 
  custom:video-decoder-webm-vp8: 9c59270c3fd7afecdb556c50c9e8de78 -> 
  custom:SearchIndexIgnoredProperties: e643bd26f0fe6173181afceb89e7c659 -> 
  custom:AudioImporter_EditorPlatform: d09bf68614088b80899f8185d706f6e7 -> 
  custom:video-encoder-webm-vp8: eb34c28f22e8b96e1ab97ce403110664 -> 
  custom:audio-decoder-ogg-vorbis: bf7c407c2cedff20999df2af8eb42d56 -> 
  custom:audio-encoder-webm-vorbis: bf7c407c2cedff20999df2af8eb42d56 -> 
========================================================================
Received Import Request.
  Time since last request: 28091.282506 seconds.
  path: Assets/6000FantasyIcons/ArmorIcons/ArmorSet_Icons/Leather/Leather1_Pants.png
  artifactKey: Guid(0212a749b4ccde346b793945ef41f05a) Importer(815301076,1909f56bfc062723c751e8b465ee728b)
Start importing Assets/6000FantasyIcons/ArmorIcons/ArmorSet_Icons/Leather/Leather1_Pants.png using Guid(0212a749b4ccde346b793945ef41f05a) Importer(815301076,1909f56bfc062723c751e8b465ee728b) [PhysX] Initialized MultithreadedTaskDispatcher with 24 workers.
[PhysX] Initialized MultithreadedTaskDispatcher with 24 workers.
 -> (artifact id: 'a58616cc54b9f23244e2291fbb0bc523') in 0.061063 seconds
Number of updated asset objects reloaded before import = 0
Number of asset objects unloaded after import = 3
========================================================================
Received Import Request.
  Time since last request: 0.000022 seconds.
  path: Assets/6000FantasyIcons/ArmorIcons/ArmorSet_Icons/Leather/Leather2_Pants.png
  artifactKey: Guid(29b8b51a01ce41d44be5569d988a7ba0) Importer(815301076,1909f56bfc062723c751e8b465ee728b)
Start importing Assets/6000FantasyIcons/ArmorIcons/ArmorSet_Icons/Leather/Leather2_Pants.png using Guid(29b8b51a01ce41d44be5569d988a7ba0) Importer(815301076,1909f56bfc062723c751e8b465ee728b) [PhysX] Initialized MultithreadedTaskDispatcher with 24 workers.
[PhysX] Initialized MultithreadedTaskDispatcher with 24 workers.
 -> (artifact id: '96e8fec7e5c65a7063a5aad6dfd8844d') in 0.014895 seconds
Number of updated asset objects reloaded before import = 0
Number of asset objects unloaded after import = 3
========================================================================
Received Import Request.
  Time since last request: 0.000020 seconds.
  path: Assets/6000FantasyIcons/ArmorIcons/ArmorSet_Icons/Leather/Leather2_gloves.png
  artifactKey: Guid(1452264d07c309b44b48d978709da46f) Importer(815301076,1909f56bfc062723c751e8b465ee728b)
Start importing Assets/6000FantasyIcons/ArmorIcons/ArmorSet_Icons/Leather/Leather2_gloves.png using Guid(1452264d07c309b44b48d978709da46f) Importer(815301076,1909f56bfc062723c751e8b465ee728b) [PhysX] Initialized MultithreadedTaskDispatcher with 24 workers.
[PhysX] Initialized MultithreadedTaskDispatcher with 24 workers.
 -> (artifact id: '2d2de5b1bd5cb4c1db2748a410bbb89b') in 0.016758 seconds
Number of updated asset objects reloaded before import = 0
Number of asset objects unloaded after import = 3
========================================================================
Received Import Request.
  Time since last request: 0.005069 seconds.
  path: Assets/6000FantasyIcons/ArmorIcons/ArmorSet_Icons/Leather/Leather3_Pants.png
  artifactKey: Guid(67ca6c3a87dda7f4e9c62a343ff740f2) Importer(815301076,1909f56bfc062723c751e8b465ee728b)
Start importing Assets/6000FantasyIcons/ArmorIcons/ArmorSet_Icons/Leather/Leather3_Pants.png using Guid(67ca6c3a87dda7f4e9c62a343ff740f2) Importer(815301076,1909f56bfc062723c751e8b465ee728b) [PhysX] Initialized MultithreadedTaskDispatcher with 24 workers.
[PhysX] Initialized MultithreadedTaskDispatcher with 24 workers.
 -> (artifact id: '094a201a4bce1979a4b9728d5f36ce82') in 0.018835 seconds
Number of updated asset objects reloaded before import = 0
Number of asset objects unloaded after import = 3
========================================================================
Received Import Request.
  Time since last request: 0.214203 seconds.
  path: Assets/6000FantasyIcons/ArmorIcons/ArmorSet_Icons/Leather/Leather7_Pants.png
  artifactKey: Guid(2dc30784df203d849b8a2cb54bd2338d) Importer(815301076,1909f56bfc062723c751e8b465ee728b)
Start importing Assets/6000FantasyIcons/ArmorIcons/ArmorSet_Icons/Leather/Leather7_Pants.png using Guid(2dc30784df203d849b8a2cb54bd2338d) Importer(815301076,1909f56bfc062723c751e8b465ee728b) [PhysX] Initialized MultithreadedTaskDispatcher with 24 workers.
[PhysX] Initialized MultithreadedTaskDispatcher with 24 workers.
 -> (artifact id: '2f2da070e366d9f94e63088a8dcdd58d') in 0.013451 seconds
Number of updated asset objects reloaded before import = 0
Number of asset objects unloaded after import = 3
========================================================================
Received Import Request.
  Time since last request: 140.442631 seconds.
  path: Assets/Resources/Sprites/Equipment/Leather3_boots.png
  artifactKey: Guid(72492ab06c490ed40a0f69118c2fab2a) Importer(815301076,1909f56bfc062723c751e8b465ee728b)
Start importing Assets/Resources/Sprites/Equipment/Leather3_boots.png using Guid(72492ab06c490ed40a0f69118c2fab2a) Importer(815301076,1909f56bfc062723c751e8b465ee728b) [PhysX] Initialized MultithreadedTaskDispatcher with 24 workers.
[PhysX] Initialized MultithreadedTaskDispatcher with 24 workers.
 -> (artifact id: '8c829e5d28d95322ca813034f53f8fa7') in 0.019733 seconds
Number of updated asset objects reloaded before import = 0
Number of asset objects unloaded after import = 3
========================================================================
Received Import Request.
  Time since last request: 0.000028 seconds.
  path: Assets/Resources/Sprites/Equipment/Leather3_Chest.png
  artifactKey: Guid(640c145fddca363458e697be814e2c48) Importer(815301076,1909f56bfc062723c751e8b465ee728b)
Start importing Assets/Resources/Sprites/Equipment/Leather3_Chest.png using Guid(640c145fddca363458e697be814e2c48) Importer(815301076,1909f56bfc062723c751e8b465ee728b) [PhysX] Initialized MultithreadedTaskDispatcher with 24 workers.
[PhysX] Initialized MultithreadedTaskDispatcher with 24 workers.
 -> (artifact id: 'f78b32deecaa309b1860c96ea59fc20e') in 0.016327 seconds
Number of updated asset objects reloaded before import = 0
Number of asset objects unloaded after import = 3
========================================================================
Received Import Request.
  Time since last request: 0.000030 seconds.
  path: Assets/Resources/Sprites/Equipment/Leather3_Shoulder.png
  artifactKey: Guid(96ad29fbc9beb2240a83494445565171) Importer(815301076,1909f56bfc062723c751e8b465ee728b)
Start importing Assets/Resources/Sprites/Equipment/Leather3_Shoulder.png using Guid(96ad29fbc9beb2240a83494445565171) Importer(815301076,1909f56bfc062723c751e8b465ee728b) [PhysX] Initialized MultithreadedTaskDispatcher with 24 workers.
[PhysX] Initialized MultithreadedTaskDispatcher with 24 workers.
 -> (artifact id: 'c92560ef094aa53c421b482474f68c97') in 0.032879 seconds
Number of updated asset objects reloaded before import = 0
Number of asset objects unloaded after import = 3
========================================================================
Received Import Request.
  Time since last request: 0.000025 seconds.
  path: Assets/Resources/Sprites/Equipment/Leather3_Pants.png
  artifactKey: Guid(5f753efd6ac23c14c858c8f1bb01e0fa) Importer(815301076,1909f56bfc062723c751e8b465ee728b)
Start importing Assets/Resources/Sprites/Equipment/Leather3_Pants.png using Guid(5f753efd6ac23c14c858c8f1bb01e0fa) Importer(815301076,1909f56bfc062723c751e8b465ee728b) [PhysX] Initialized MultithreadedTaskDispatcher with 24 workers.
[PhysX] Initialized MultithreadedTaskDispatcher with 24 workers.
 -> (artifact id: 'b1c5f35ffe8fca97cf229028dfd7571f') in 0.029594 seconds
Number of updated asset objects reloaded before import = 0
Number of asset objects unloaded after import = 3
========================================================================
Received Import Request.
  Time since last request: 20.159089 seconds.
  path: Assets/MMO/NavMesh-Terrain 2.asset
  artifactKey: Guid(7acb6f8a0b05458439cca71010b5589b) Importer(815301076,1909f56bfc062723c751e8b465ee728b)
Start importing Assets/MMO/NavMesh-Terrain 2.asset using Guid(7acb6f8a0b05458439cca71010b5589b) Importer(815301076,1909f56bfc062723c751e8b465ee728b) [PhysX] Initialized MultithreadedTaskDispatcher with 24 workers.
 -> (artifact id: 'b129b51ff8a75c6264fb094486c4f391') in 0.017918 seconds
Number of updated asset objects reloaded before import = 0
Number of asset objects unloaded after import = 1
========================================================================
Received Import Request.
  Time since last request: 6.397485 seconds.
  path: Assets/Matthew Guz/Spell Area of Effect FREE/Prefab/AoE Magic.prefab
  artifactKey: Guid(9029beab0dd9eb84aade1739487ed290) Importer(815301076,1909f56bfc062723c751e8b465ee728b)
Start importing Assets/Matthew Guz/Spell Area of Effect FREE/Prefab/AoE Magic.prefab using Guid(9029beab0dd9eb84aade1739487ed290) Importer(815301076,1909f56bfc062723c751e8b465ee728b) [PhysX] Initialized MultithreadedTaskDispatcher with 24 workers.
[PhysX] Initialized MultithreadedTaskDispatcher with 24 workers.
 -> (artifact id: 'e7d5023243bc42ee1dc8df72c5dc87d1') in 0.243674 seconds
Number of updated asset objects reloaded before import = 0
Number of asset objects unloaded after import = 32
========================================================================
Received Import Request.
  Time since last request: 0.000026 seconds.
  path: Assets/Matthew Guz/Spell Area of Effect FREE/Prefab/AoE Stars.prefab
  artifactKey: Guid(6f692cd2d2d5eb84ab790976eccc0bae) Importer(815301076,1909f56bfc062723c751e8b465ee728b)
Start importing Assets/Matthew Guz/Spell Area of Effect FREE/Prefab/AoE Stars.prefab using Guid(6f692cd2d2d5eb84ab790976eccc0bae) Importer(815301076,1909f56bfc062723c751e8b465ee728b) [PhysX] Initialized MultithreadedTaskDispatcher with 24 workers.
[PhysX] Initialized MultithreadedTaskDispatcher with 24 workers.
 -> (artifact id: '939071d7f6be6f6e8b74b5a8c3e004a7') in 0.049808 seconds
Number of updated asset objects reloaded before import = 0
Number of asset objects unloaded after import = 49
========================================================================
Received Import Request.
  Time since last request: 2429.349214 seconds.
  path: Assets/6000FantasyIcons/ArmorIcons/ArmorSet_Icons/Tabards/Tabard_12.png
  artifactKey: Guid(e6c2d61c85443d84b8fd237d2d7f218c) Importer(815301076,1909f56bfc062723c751e8b465ee728b)
Start importing Assets/6000FantasyIcons/ArmorIcons/ArmorSet_Icons/Tabards/Tabard_12.png using Guid(e6c2d61c85443d84b8fd237d2d7f218c) Importer(815301076,1909f56bfc062723c751e8b465ee728b) [PhysX] Initialized MultithreadedTaskDispatcher with 24 workers.
[PhysX] Initialized MultithreadedTaskDispatcher with 24 workers.
 -> (artifact id: '4cbabcfca3fec309391f88bd019aa5bc') in 0.015173 seconds
Number of updated asset objects reloaded before import = 0
Number of asset objects unloaded after import = 3
========================================================================
Received Import Request.
  Time since last request: 0.000020 seconds.
  path: Assets/6000FantasyIcons/ArmorIcons/ArmorSet_Icons/Tabards/Tabard_15.png
  artifactKey: Guid(94eb749f157e20a4a83487a8fd81bc43) Importer(815301076,1909f56bfc062723c751e8b465ee728b)
Start importing Assets/6000FantasyIcons/ArmorIcons/ArmorSet_Icons/Tabards/Tabard_15.png using Guid(94eb749f157e20a4a83487a8fd81bc43) Importer(815301076,1909f56bfc062723c751e8b465ee728b) [PhysX] Initialized MultithreadedTaskDispatcher with 24 workers.
[PhysX] Initialized MultithreadedTaskDispatcher with 24 workers.
 -> (artifact id: 'fa5886e45db6db6b4f544ed0015c0697') in 0.014838 seconds
Number of updated asset objects reloaded before import = 0
Number of asset objects unloaded after import = 3
========================================================================
Received Import Request.
  Time since last request: 0.000022 seconds.
  path: Assets/6000FantasyIcons/ArmorIcons/ArmorSet_Icons/Tabards/Tabard_16.png
  artifactKey: Guid(ad4de6de382bb5542b890692da34f9df) Importer(815301076,1909f56bfc062723c751e8b465ee728b)
Start importing Assets/6000FantasyIcons/ArmorIcons/ArmorSet_Icons/Tabards/Tabard_16.png using Guid(ad4de6de382bb5542b890692da34f9df) Importer(815301076,1909f56bfc062723c751e8b465ee728b) [PhysX] Initialized MultithreadedTaskDispatcher with 24 workers.
[PhysX] Initialized MultithreadedTaskDispatcher with 24 workers.
 -> (artifact id: '2e0c19ec5a34b3139d14801c2845bd9c') in 0.016305 seconds
Number of updated asset objects reloaded before import = 0
Number of asset objects unloaded after import = 3
========================================================================
Received Import Request.
  Time since last request: 0.000024 seconds.
  path: Assets/6000FantasyIcons/ArmorIcons/ArmorSet_Icons/Tabards/Tabard_21.png
  artifactKey: Guid(f45d8419c035d5c449869fa07671bc20) Importer(815301076,1909f56bfc062723c751e8b465ee728b)
Start importing Assets/6000FantasyIcons/ArmorIcons/ArmorSet_Icons/Tabards/Tabard_21.png using Guid(f45d8419c035d5c449869fa07671bc20) Importer(815301076,1909f56bfc062723c751e8b465ee728b) [PhysX] Initialized MultithreadedTaskDispatcher with 24 workers.
[PhysX] Initialized MultithreadedTaskDispatcher with 24 workers.
 -> (artifact id: 'c528705cb62f15cd62e5b0f41eb6ba30') in 0.016563 seconds
Number of updated asset objects reloaded before import = 0
Number of asset objects unloaded after import = 3
========================================================================
Received Import Request.
  Time since last request: 0.000026 seconds.
  path: Assets/6000FantasyIcons/ArmorIcons/ArmorSet_Icons/Tabards/Tabard_20.png
  artifactKey: Guid(ee1c4d5d1e9204f409a3eed338f87486) Importer(815301076,1909f56bfc062723c751e8b465ee728b)
Start importing Assets/6000FantasyIcons/ArmorIcons/ArmorSet_Icons/Tabards/Tabard_20.png using Guid(ee1c4d5d1e9204f409a3eed338f87486) Importer(815301076,1909f56bfc062723c751e8b465ee728b) [PhysX] Initialized MultithreadedTaskDispatcher with 24 workers.
[PhysX] Initialized MultithreadedTaskDispatcher with 24 workers.
 -> (artifact id: '630c2ccbd6b59c7b40d8442cc72a9ab5') in 0.014693 seconds
Number of updated asset objects reloaded before import = 0
Number of asset objects unloaded after import = 3
========================================================================
Received Import Request.
  Time since last request: 0.000019 seconds.
  path: Assets/6000FantasyIcons/ArmorIcons/ArmorSet_Icons/Tabards/Tabard_25.png
  artifactKey: Guid(f940f340f2b8d1442aa47ccb4f4619fe) Importer(815301076,1909f56bfc062723c751e8b465ee728b)
Start importing Assets/6000FantasyIcons/ArmorIcons/ArmorSet_Icons/Tabards/Tabard_25.png using Guid(f940f340f2b8d1442aa47ccb4f4619fe) Importer(815301076,1909f56bfc062723c751e8b465ee728b) [PhysX] Initialized MultithreadedTaskDispatcher with 24 workers.
[PhysX] Initialized MultithreadedTaskDispatcher with 24 workers.
 -> (artifact id: '577de9235b9196a6482ad514e8188468') in 0.014210 seconds
Number of updated asset objects reloaded before import = 0
Number of asset objects unloaded after import = 3
========================================================================
Received Import Request.
  Time since last request: 0.000020 seconds.
  path: Assets/6000FantasyIcons/ArmorIcons/ArmorSet_Icons/Tabards/Tabard_30.png
  artifactKey: Guid(9ed4506acd5e00944be82462cf600bb5) Importer(815301076,1909f56bfc062723c751e8b465ee728b)
Start importing Assets/6000FantasyIcons/ArmorIcons/ArmorSet_Icons/Tabards/Tabard_30.png using Guid(9ed4506acd5e00944be82462cf600bb5) Importer(815301076,1909f56bfc062723c751e8b465ee728b) [PhysX] Initialized MultithreadedTaskDispatcher with 24 workers.
[PhysX] Initialized MultithreadedTaskDispatcher with 24 workers.
 -> (artifact id: '0b130e95335f367e1cbddfa3477d78ff') in 0.014856 seconds
Number of updated asset objects reloaded before import = 0
Number of asset objects unloaded after import = 3
========================================================================
Received Import Request.
  Time since last request: 0.000022 seconds.
  path: Assets/6000FantasyIcons/ArmorIcons/ArmorSet_Icons/Tabards/Tabard_32.png
  artifactKey: Guid(05d95277fceb4204193fb906bb04d344) Importer(815301076,1909f56bfc062723c751e8b465ee728b)
Start importing Assets/6000FantasyIcons/ArmorIcons/ArmorSet_Icons/Tabards/Tabard_32.png using Guid(05d95277fceb4204193fb906bb04d344) Importer(815301076,1909f56bfc062723c751e8b465ee728b) [PhysX] Initialized MultithreadedTaskDispatcher with 24 workers.
[PhysX] Initialized MultithreadedTaskDispatcher with 24 workers.
 -> (artifact id: '8c5257e552a5ff64afc9b68b738a3c27') in 0.015359 seconds
Number of updated asset objects reloaded before import = 0
Number of asset objects unloaded after import = 3
========================================================================
Received Import Request.
  Time since last request: 0.000020 seconds.
  path: Assets/6000FantasyIcons/ArmorIcons/ArmorSet_Icons/Tabards/Tabard_34.png
  artifactKey: Guid(9f8c0c5b5d76edb42aacdf5c6d4ae136) Importer(815301076,1909f56bfc062723c751e8b465ee728b)
Start importing Assets/6000FantasyIcons/ArmorIcons/ArmorSet_Icons/Tabards/Tabard_34.png using Guid(9f8c0c5b5d76edb42aacdf5c6d4ae136) Importer(815301076,1909f56bfc062723c751e8b465ee728b) [PhysX] Initialized MultithreadedTaskDispatcher with 24 workers.
[PhysX] Initialized MultithreadedTaskDispatcher with 24 workers.
 -> (artifact id: 'b189a6a56d21048613c4a438b6d13677') in 0.015697 seconds
Number of updated asset objects reloaded before import = 0
Number of asset objects unloaded after import = 3
========================================================================
Received Import Request.
  Time since last request: 0.000018 seconds.
  path: Assets/6000FantasyIcons/ArmorIcons/ArmorSet_Icons/Tabards/Tabard_37.png
  artifactKey: Guid(a87a46678c95aed499f524e8ecc0e422) Importer(815301076,1909f56bfc062723c751e8b465ee728b)
Start importing Assets/6000FantasyIcons/ArmorIcons/ArmorSet_Icons/Tabards/Tabard_37.png using Guid(a87a46678c95aed499f524e8ecc0e422) Importer(815301076,1909f56bfc062723c751e8b465ee728b) [PhysX] Initialized MultithreadedTaskDispatcher with 24 workers.
[PhysX] Initialized MultithreadedTaskDispatcher with 24 workers.
 -> (artifact id: 'de03d0575297ceb22f2c3d917b65d44d') in 0.014243 seconds
Number of updated asset objects reloaded before import = 0
Number of asset objects unloaded after import = 3
========================================================================
Received Import Request.
  Time since last request: 0.000024 seconds.
  path: Assets/6000FantasyIcons/ArmorIcons/ArmorSet_Icons/Tabards/Tabard_41.png
  artifactKey: Guid(965ad8e075bcb764caa5e7a62b92873f) Importer(815301076,1909f56bfc062723c751e8b465ee728b)
Start importing Assets/6000FantasyIcons/ArmorIcons/ArmorSet_Icons/Tabards/Tabard_41.png using Guid(965ad8e075bcb764caa5e7a62b92873f) Importer(815301076,1909f56bfc062723c751e8b465ee728b) [PhysX] Initialized MultithreadedTaskDispatcher with 24 workers.
[PhysX] Initialized MultithreadedTaskDispatcher with 24 workers.
 -> (artifact id: 'e5b4c77057ea3ca574557eda03c4d745') in 0.014111 seconds
Number of updated asset objects reloaded before import = 0
Number of asset objects unloaded after import = 3
========================================================================
Received Import Request.
  Time since last request: 0.000043 seconds.
  path: Assets/6000FantasyIcons/ArmorIcons/ArmorSet_Icons/Tabards/Tabard_42.png
  artifactKey: Guid(c8745108115fc524abf754c2e0b285f9) Importer(815301076,1909f56bfc062723c751e8b465ee728b)
Start importing Assets/6000FantasyIcons/ArmorIcons/ArmorSet_Icons/Tabards/Tabard_42.png using Guid(c8745108115fc524abf754c2e0b285f9) Importer(815301076,1909f56bfc062723c751e8b465ee728b) [PhysX] Initialized MultithreadedTaskDispatcher with 24 workers.
[PhysX] Initialized MultithreadedTaskDispatcher with 24 workers.
 -> (artifact id: '73af0e21bf8c542f87e2e1517015eff3') in 0.016387 seconds
Number of updated asset objects reloaded before import = 0
Number of asset objects unloaded after import = 3
========================================================================
Received Import Request.
  Time since last request: 0.000023 seconds.
  path: Assets/6000FantasyIcons/ArmorIcons/ArmorSet_Icons/Tabards/Tabard_48.png
  artifactKey: Guid(d27025315831e2345a18e6160d1aff30) Importer(815301076,1909f56bfc062723c751e8b465ee728b)
Start importing Assets/6000FantasyIcons/ArmorIcons/ArmorSet_Icons/Tabards/Tabard_48.png using Guid(d27025315831e2345a18e6160d1aff30) Importer(815301076,1909f56bfc062723c751e8b465ee728b) [PhysX] Initialized MultithreadedTaskDispatcher with 24 workers.
[PhysX] Initialized MultithreadedTaskDispatcher with 24 workers.
 -> (artifact id: '8d958f77df81b0fc75d62dffd48ed6c2') in 0.034766 seconds
Number of updated asset objects reloaded before import = 0
Number of asset objects unloaded after import = 3
========================================================================
Received Import Request.
  Time since last request: 0.000022 seconds.
  path: Assets/6000FantasyIcons/ArmorIcons/ArmorSet_Icons/Tabards/Tabard_43.png
  artifactKey: Guid(e6e53a2ddd0aca14eacf440f4c7592f2) Importer(815301076,1909f56bfc062723c751e8b465ee728b)
Start importing Assets/6000FantasyIcons/ArmorIcons/ArmorSet_Icons/Tabards/Tabard_43.png using Guid(e6e53a2ddd0aca14eacf440f4c7592f2) Importer(815301076,1909f56bfc062723c751e8b465ee728b) [PhysX] Initialized MultithreadedTaskDispatcher with 24 workers.
[PhysX] Initialized MultithreadedTaskDispatcher with 24 workers.
 -> (artifact id: 'df6746bd53afb5088210a3ff19f70b37') in 0.022958 seconds
Number of updated asset objects reloaded before import = 0
Number of asset objects unloaded after import = 3
========================================================================
Received Import Request.
  Time since last request: 0.000026 seconds.
  path: Assets/6000FantasyIcons/ArmorIcons/ArmorSet_Icons/Tabards/Tabard_24.png
  artifactKey: Guid(aab92db4d61ffc94b88323bb932d316d) Importer(815301076,1909f56bfc062723c751e8b465ee728b)
Start importing Assets/6000FantasyIcons/ArmorIcons/ArmorSet_Icons/Tabards/Tabard_24.png using Guid(aab92db4d61ffc94b88323bb932d316d) Importer(815301076,1909f56bfc062723c751e8b465ee728b) [PhysX] Initialized MultithreadedTaskDispatcher with 24 workers.
[PhysX] Initialized MultithreadedTaskDispatcher with 24 workers.
 -> (artifact id: '672e939c2bbc63f1387a33278ef89e10') in 0.029210 seconds
Number of updated asset objects reloaded before import = 0
Number of asset objects unloaded after import = 3
========================================================================
Received Import Request.
  Time since last request: 0.000020 seconds.
  path: Assets/6000FantasyIcons/ArmorIcons/ArmorSet_Icons/Tabards/Tabard_28.png
  artifactKey: Guid(dca70b23fa7a6c042bf93520e1c0621f) Importer(815301076,1909f56bfc062723c751e8b465ee728b)
Start importing Assets/6000FantasyIcons/ArmorIcons/ArmorSet_Icons/Tabards/Tabard_28.png using Guid(dca70b23fa7a6c042bf93520e1c0621f) Importer(815301076,1909f56bfc062723c751e8b465ee728b) [PhysX] Initialized MultithreadedTaskDispatcher with 24 workers.
[PhysX] Initialized MultithreadedTaskDispatcher with 24 workers.
 -> (artifact id: 'c52f314878a431a48617f2be1bc5b161') in 0.030063 seconds
Number of updated asset objects reloaded before import = 0
Number of asset objects unloaded after import = 3
========================================================================
Received Import Request.
  Time since last request: 0.000023 seconds.
  path: Assets/6000FantasyIcons/ArmorIcons/ArmorSet_Icons/Tabards/Tabard_36.png
  artifactKey: Guid(c8b52fb1debf07b499cd0cf2a6f1c6a8) Importer(815301076,1909f56bfc062723c751e8b465ee728b)
Start importing Assets/6000FantasyIcons/ArmorIcons/ArmorSet_Icons/Tabards/Tabard_36.png using Guid(c8b52fb1debf07b499cd0cf2a6f1c6a8) Importer(815301076,1909f56bfc062723c751e8b465ee728b) [PhysX] Initialized MultithreadedTaskDispatcher with 24 workers.
[PhysX] Initialized MultithreadedTaskDispatcher with 24 workers.
 -> (artifact id: 'bf67bf4522ae6a3300f446f80feeca41') in 0.067775 seconds
Number of updated asset objects reloaded before import = 0
Number of asset objects unloaded after import = 3
========================================================================
Received Import Request.
  Time since last request: 0.000027 seconds.
  path: Assets/6000FantasyIcons/ArmorIcons/ArmorSet_Icons/Tabards/Tabard_33_clean.png
  artifactKey: Guid(26dc081bf0bbe9c4a9de5fd7a1d6ce97) Importer(815301076,1909f56bfc062723c751e8b465ee728b)
Start importing Assets/6000FantasyIcons/ArmorIcons/ArmorSet_Icons/Tabards/Tabard_33_clean.png using Guid(26dc081bf0bbe9c4a9de5fd7a1d6ce97) Importer(815301076,1909f56bfc062723c751e8b465ee728b) [PhysX] Initialized MultithreadedTaskDispatcher with 24 workers.
[PhysX] Initialized MultithreadedTaskDispatcher with 24 workers.
 -> (artifact id: '708cfe3d04ecfead24d78f1eabfd672a') in 0.029563 seconds
Number of updated asset objects reloaded before import = 0
Number of asset objects unloaded after import = 3
========================================================================
Received Import Request.
  Time since last request: 27.220871 seconds.
  path: Assets/Resources/Sprites/Equipment/Mail1_gloves.png
  artifactKey: Guid(803711918ac97c74784dfde7054085e9) Importer(815301076,1909f56bfc062723c751e8b465ee728b)
Start importing Assets/Resources/Sprites/Equipment/Mail1_gloves.png using Guid(803711918ac97c74784dfde7054085e9) Importer(815301076,1909f56bfc062723c751e8b465ee728b) [PhysX] Initialized MultithreadedTaskDispatcher with 24 workers.
[PhysX] Initialized MultithreadedTaskDispatcher with 24 workers.
 -> (artifact id: 'ec37f9a8027de52b31818800fd6a8c89') in 0.015389 seconds
Number of updated asset objects reloaded before import = 0
Number of asset objects unloaded after import = 3
Editor requested this worker to shutdown with reason: Scaling down because of idle timeout
TcpMessagingSession - receive error: operation aborted. errorcode: 995, details: I/O-toiminto keskeytettiin joko säikeen poistumisen tai sovelluksen pyynnön vuoksi.
AssetImportWorker is now disconnected from the server
Process exiting
Exiting without the bug reporter. Application will terminate with return code 0